# JRE version: OpenJDK Runtime Environment (24.0.2+12) (build 24.0.2+12-54)
# Java VM: OpenJDK 64-Bit Server VM (24.0.2+12-54, mixed mode, sharing, tiered, compressed oops, compressed class ptrs, g1 gc, windows-amd64)
GC Precious Log:
 CardTable entry size: 512
 Card Set container configuration: InlinePtr #cards 5 size 8 Array Of Cards #cards 10 size 36 Howl #buckets 4 coarsen threshold 1843 Howl Bitmap #cards 512 size 80 coarsen threshold 460 Card regions per heap region 1 cards per card region 2048
 CPUs: 8 total, 8 available
 Memory: 8062M
 Large Page Support: Disabled
 NUMA Support: Disabled
 Compressed Oops: Enabled (32-bit)
 Heap Region Size: 1M
 Heap Min Capacity: 8M
 Heap Initial Capacity: 126M
 Heap Max Capacity: 2016M
 Pre-touch: Disabled
 Parallel Workers: 8
 Concurrent Workers: 2
 Concurrent Refinement Workers: 8
 Periodic GC: Disabled
Heap:
 garbage-first heap   total reserved 2064384K, committed 78848K, used 51688K [0x0000000082000000, 0x0000000100000000)
  region size 1024K, 11 young (11264K), 1 survivors (1024K)
 Metaspace       used 96622K, committed 97344K, reserved 1179648K
  class space    used 10309K, committed 10624K, reserved 1048576K
GC Heap History (20 events):
Event: 340.827 GC heap before
{Heap before GC invocations=24 (full 0):
 garbage-first heap   total reserved 2064384K, committed 73728K, used 51989K [0x0000000082000000, 0x0000000100000000)
  region size 1024K, 11 young (11264K), 2 survivors (2048K)
 Metaspace       used 94732K, committed 95488K, reserved 1179648K
  class space    used 10236K, committed 10560K, reserved 1048576K
}
Event: 341.008 GC heap after
{Heap after GC invocations=25 (full 1):
 garbage-first heap   total reserved 2064384K, committed 73728K, used 38049K [0x0000000082000000, 0x0000000100000000)
  region size 1024K, 0 young (0K), 0 survivors (0K)
 Metaspace       used 94732K, committed 95488K, reserved 1179648K
  class space    used 10236K, committed 10560K, reserved 1048576K
}
Event: 342.490 GC heap before
{Heap before GC invocations=25 (full 1):
 garbage-first heap   total reserved 2064384K, committed 73728K, used 64673K [0x0000000082000000, 0x0000000100000000)
  region size 1024K, 27 young (27648K), 0 survivors (0K)
 Metaspace       used 94972K, committed 95680K, reserved 1179648K
  class space    used 10243K, committed 10560K, reserved 1048576K
}
Event: 342.498 GC heap after
{Heap after GC invocations=26 (full 1):
 garbage-first heap   total reserved 2064384K, committed 73728K, used 41046K [0x0000000082000000, 0x0000000100000000)
  region size 1024K, 3 young (3072K), 3 survivors (3072K)
 Metaspace       used 94972K, committed 95680K, reserved 1179648K
  class space    used 10243K, committed 10560K, reserved 1048576K
}
Event: 343.264 GC heap before
{Heap before GC invocations=27 (full 1):
 garbage-first heap   total reserved 2064384K, committed 73728K, used 63574K [0x0000000082000000, 0x0000000100000000)
  region size 1024K, 26 young (26624K), 3 survivors (3072K)
 Metaspace       used 95293K, committed 96000K, reserved 1179648K
  class space    used 10249K, committed 10560K, reserved 1048576K
}
Event: 343.272 GC heap after
{Heap after GC invocations=28 (full 1):
 garbage-first heap   total reserved 2064384K, committed 73728K, used 43417K [0x0000000082000000, 0x0000000100000000)
  region size 1024K, 3 young (3072K), 3 survivors (3072K)
 Metaspace       used 95293K, committed 96000K, reserved 1179648K
  class space    used 10249K, committed 10560K, reserved 1048576K
}
Event: 348.562 GC heap before
{Heap before GC invocations=28 (full 1):
 garbage-first heap   total reserved 2064384K, committed 73728K, used 61849K [0x0000000082000000, 0x0000000100000000)
  region size 1024K, 22 young (22528K), 3 survivors (3072K)
 Metaspace       used 95629K, committed 96384K, reserved 1179648K
  class space    used 10260K, committed 10560K, reserved 1048576K
}
Event: 348.676 GC heap after
{Heap after GC invocations=29 (full 2):
 garbage-first heap   total reserved 2064384K, committed 73728K, used 37717K [0x0000000082000000, 0x0000000100000000)
  region size 1024K, 0 young (0K), 0 survivors (0K)
 Metaspace       used 95627K, committed 96384K, reserved 1179648K
  class space    used 10259K, committed 10560K, reserved 1048576K
}
Event: 349.513 GC heap before
{Heap before GC invocations=29 (full 2):
 garbage-first heap   total reserved 2064384K, committed 73728K, used 63317K [0x0000000082000000, 0x0000000100000000)
  region size 1024K, 25 young (25600K), 0 survivors (0K)
 Metaspace       used 95786K, committed 96448K, reserved 1179648K
  class space    used 10263K, committed 10560K, reserved 1048576K
}
Event: 349.518 GC heap after
{Heap after GC invocations=30 (full 2):
 garbage-first heap   total reserved 2064384K, committed 73728K, used 40512K [0x0000000082000000, 0x0000000100000000)
  region size 1024K, 3 young (3072K), 3 survivors (3072K)
 Metaspace       used 95786K, committed 96448K, reserved 1179648K
  class space    used 10263K, committed 10560K, reserved 1048576K
}
Event: 350.725 GC heap before
{Heap before GC invocations=31 (full 2):
 garbage-first heap   total reserved 2064384K, committed 73728K, used 60992K [0x0000000082000000, 0x0000000100000000)
  region size 1024K, 24 young (24576K), 3 survivors (3072K)
 Metaspace       used 96034K, committed 96704K, reserved 1179648K
  class space    used 10272K, committed 10560K, reserved 1048576K
}
Event: 350.733 GC heap after
{Heap after GC invocations=32 (full 2):
 garbage-first heap   total reserved 2064384K, committed 73728K, used 43573K [0x0000000082000000, 0x0000000100000000)
  region size 1024K, 3 young (3072K), 3 survivors (3072K)
 Metaspace       used 96034K, committed 96704K, reserved 1179648K
  class space    used 10272K, committed 10560K, reserved 1048576K
}
Event: 351.099 GC heap before
{Heap before GC invocations=32 (full 2):
 garbage-first heap   total reserved 2064384K, committed 73728K, used 60981K [0x0000000082000000, 0x0000000100000000)
  region size 1024K, 21 young (21504K), 3 survivors (3072K)
 Metaspace       used 96249K, committed 96960K, reserved 1179648K
  class space    used 10281K, committed 10560K, reserved 1048576K
}
Event: 351.106 GC heap after
{Heap after GC invocations=33 (full 2):
 garbage-first heap   total reserved 2064384K, committed 73728K, used 44337K [0x0000000082000000, 0x0000000100000000)
  region size 1024K, 3 young (3072K), 3 survivors (3072K)
 Metaspace       used 96249K, committed 96960K, reserved 1179648K
  class space    used 10281K, committed 10560K, reserved 1048576K
}
Event: 601.628 GC heap before
{Heap before GC invocations=33 (full 2):
 garbage-first heap   total reserved 2064384K, committed 73728K, used 61745K [0x0000000082000000, 0x0000000100000000)
  region size 1024K, 20 young (20480K), 3 survivors (3072K)
 Metaspace       used 96488K, committed 97280K, reserved 1179648K
  class space    used 10309K, committed 10624K, reserved 1048576K
}
Event: 601.633 GC heap after
{Heap after GC invocations=34 (full 2):
 garbage-first heap   total reserved 2064384K, committed 73728K, used 44421K [0x0000000082000000, 0x0000000100000000)
  region size 1024K, 1 young (1024K), 1 survivors (1024K)
 Metaspace       used 96488K, committed 97280K, reserved 1179648K
  class space    used 10309K, committed 10624K, reserved 1048576K
}
Event: 1058.308 GC heap before
{Heap before GC invocations=35 (full 2):
 garbage-first heap   total reserved 2064384K, committed 78848K, used 64901K [0x0000000082000000, 0x0000000100000000)
  region size 1024K, 21 young (21504K), 1 survivors (1024K)
 Metaspace       used 96504K, committed 97280K, reserved 1179648K
  class space    used 10309K, committed 10624K, reserved 1048576K
}
Event: 1058.312 GC heap after
{Heap after GC invocations=36 (full 2):
 garbage-first heap   total reserved 2064384K, committed 78848K, used 44390K [0x0000000082000000, 0x0000000100000000)
  region size 1024K, 1 young (1024K), 1 survivors (1024K)
 Metaspace       used 96504K, committed 97280K, reserved 1179648K
  class space    used 10309K, committed 10624K, reserved 1048576K
}
Event: 1631.463 GC heap before
{Heap before GC invocations=36 (full 2):
 garbage-first heap   total reserved 2064384K, committed 78848K, used 69990K [0x0000000082000000, 0x0000000100000000)
  region size 1024K, 26 young (26624K), 1 survivors (1024K)
 Metaspace       used 96543K, committed 97280K, reserved 1179648K
  class space    used 10309K, committed 10624K, reserved 1048576K
}
Event: 1631.478 GC heap after
{Heap after GC invocations=37 (full 2):
 garbage-first heap   total reserved 2064384K, committed 78848K, used 43496K [0x0000000082000000, 0x0000000100000000)
  region size 1024K, 1 young (1024K), 1 survivors (1024K)
 Metaspace       used 96543K, committed 97280K, reserved 1179648K
  class space    used 10309K, committed 10624K, reserved 1048576K
}

